This is pdfTeX, Version 3.14159265-2.6-1.40.19 (MiKTeX 2.9.6800) (preloaded format=latex 2018.9.12)  5 FEB 2019 09:33
entering extended mode
**./Plantilla_UIS.tex
(Plantilla_UIS.tex
LaTeX2e <2018-04-01> patch level 5
("C:\Users\usuario\AppData\Local\Programs\MiKTeX 2.9\tex\latex\base\report.cls"
Document Class: report 2014/09/29 v1.4h Standard LaTeX document class
("C:\Users\usuario\AppData\Local\Programs\MiKTeX 2.9\tex\latex\base\size12.clo"
File: size12.clo 2014/09/29 v1.4h Standard LaTeX file (size option)
)
\c@part=\count80
\c@chapter=\count81
\c@section=\count82
\c@subsection=\count83
\c@subsubsection=\count84
\c@paragraph=\count85
\c@subparagraph=\count86
\c@figure=\count87
\c@table=\count88
\abovecaptionskip=\skip41
\belowcaptionskip=\skip42
\bibindent=\dimen102
) (uislatexstyleICONTEC.sty
("C:\Users\usuario\AppData\Local\Programs\MiKTeX 2.9\tex\latex\hyperref\hyperre
f.sty"
Package: hyperref 2018/02/06 v6.86b Hypertext links for LaTeX

("C:\Users\usuario\AppData\Local\Programs\MiKTeX 2.9\tex\generic\oberdiek\hobsu
b-hyperref.sty"
Package: hobsub-hyperref 2016/05/16 v1.14 Bundle oberdiek, subset hyperref (HO)


("C:\Users\usuario\AppData\Local\Programs\MiKTeX 2.9\tex\generic\oberdiek\hobsu
b-generic.sty"
Package: hobsub-generic 2016/05/16 v1.14 Bundle oberdiek, subset generic (HO)
Package: hobsub 2016/05/16 v1.14 Construct package bundles (HO)
Package: infwarerr 2016/05/16 v1.4 Providing info/warning/error messages (HO)
Package: ltxcmds 2016/05/16 v1.23 LaTeX kernel commands for general use (HO)
Package: ifluatex 2016/05/16 v1.4 Provides the ifluatex switch (HO)
Package ifluatex Info: LuaTeX not detected.
Package: ifvtex 2016/05/16 v1.6 Detect VTeX and its facilities (HO)
Package ifvtex Info: VTeX not detected.
Package: intcalc 2016/05/16 v1.2 Expandable calculations with integers (HO)
Package: ifpdf 2018/09/07 v3.3 Provides the ifpdf switch
Package: etexcmds 2016/05/16 v1.6 Avoid name clashes with e-TeX commands (HO)
Package etexcmds Info: Could not find \expanded.
(etexcmds)             That can mean that you are not using pdfTeX 1.50 or
(etexcmds)             that some package has redefined \expanded.
(etexcmds)             In the latter case, load this package earlier.
Package: kvsetkeys 2016/05/16 v1.17 Key value parser (HO)
Package: kvdefinekeys 2016/05/16 v1.4 Define keys (HO)
Package: pdftexcmds 2018/09/07 v0.28 Utility functions of pdfTeX for LuaTeX (HO
)
Package pdftexcmds Info: LuaTeX not detected.
Package pdftexcmds Info: \pdf@primitive is available.
Package pdftexcmds Info: \pdf@ifprimitive is available.
Package pdftexcmds Info: \pdfdraftmode is ignored in DVI mode.
Package: pdfescape 2016/05/16 v1.14 Implements pdfTeX's escape features (HO)
Package: bigintcalc 2016/05/16 v1.4 Expandable calculations on big integers (HO
)
Package: bitset 2016/05/16 v1.2 Handle bit-vector datatype (HO)
Package: uniquecounter 2016/05/16 v1.3 Provide unlimited unique counter (HO)
)
Package hobsub Info: Skipping package `hobsub' (already loaded).
Package: letltxmacro 2016/05/16 v1.5 Let assignment for LaTeX macros (HO)
Package: hopatch 2016/05/16 v1.3 Wrapper for package hooks (HO)
Package: xcolor-patch 2016/05/16 xcolor patch
Package: atveryend 2016/05/16 v1.9 Hooks at the very end of document (HO)
Package atveryend Info: \enddocument detected (standard20110627).
Package: atbegshi 2016/06/09 v1.18 At begin shipout hook (HO)
Package: refcount 2016/05/16 v3.5 Data extraction from label references (HO)
Package: hycolor 2016/05/16 v1.8 Color options for hyperref/bookmark (HO)
)
("C:\Users\usuario\AppData\Local\Programs\MiKTeX 2.9\tex\latex\graphics\keyval.
sty"
Package: keyval 2014/10/28 v1.15 key=value parser (DPC)
\KV@toks@=\toks14
)
("C:\Users\usuario\AppData\Local\Programs\MiKTeX 2.9\tex\generic\ifxetex\ifxete
x.sty"
Package: ifxetex 2010/09/12 v0.6 Provides ifxetex conditional
)
("C:\Users\usuario\AppData\Local\Programs\MiKTeX 2.9\tex\latex\oberdiek\auxhook
.sty"
Package: auxhook 2016/05/16 v1.4 Hooks for auxiliary files (HO)
)
("C:\Users\usuario\AppData\Local\Programs\MiKTeX 2.9\tex\latex\oberdiek\kvoptio
ns.sty"
Package: kvoptions 2016/05/16 v3.12 Key value format for package options (HO)
)
\@linkdim=\dimen103
\Hy@linkcounter=\count89
\Hy@pagecounter=\count90

("C:\Users\usuario\AppData\Local\Programs\MiKTeX 2.9\tex\latex\hyperref\pd1enc.
def"
File: pd1enc.def 2018/02/06 v6.86b Hyperref: PDFDocEncoding definition (HO)
Now handling font encoding PD1 ...
... no UTF-8 mapping file for font encoding PD1
)
\Hy@SavedSpaceFactor=\count91

("C:\Users\usuario\AppData\Local\Programs\MiKTeX 2.9\tex\latex\00miktex\hyperre
f.cfg"
File: hyperref.cfg 2002/06/06 v1.2 hyperref configuration of TeXLive
)
Package hyperref Info: Hyper figures OFF on input line 4509.
Package hyperref Info: Link nesting OFF on input line 4514.
Package hyperref Info: Hyper index ON on input line 4517.
Package hyperref Info: Plain pages OFF on input line 4524.
Package hyperref Info: Backreferencing OFF on input line 4529.
Package hyperref Info: Implicit mode ON; LaTeX internals redefined.
Package hyperref Info: Bookmarks ON on input line 4762.
\c@Hy@tempcnt=\count92

("C:\Users\usuario\AppData\Local\Programs\MiKTeX 2.9\tex\latex\url\url.sty"
\Urlmuskip=\muskip10
Package: url 2013/09/16  ver 3.4  Verb mode for urls, etc.
)
LaTeX Info: Redefining \url on input line 5115.
\XeTeXLinkMargin=\dimen104
\Fld@menulength=\count93
\Field@Width=\dimen105
\Fld@charsize=\dimen106
Package hyperref Info: Hyper figures OFF on input line 6369.
Package hyperref Info: Link nesting OFF on input line 6374.
Package hyperref Info: Hyper index ON on input line 6377.
Package hyperref Info: backreferencing OFF on input line 6384.
Package hyperref Info: Link coloring OFF on input line 6389.
Package hyperref Info: Link coloring with OCG OFF on input line 6394.
Package hyperref Info: PDF/A mode OFF on input line 6399.
LaTeX Info: Redefining \ref on input line 6439.
LaTeX Info: Redefining \pageref on input line 6443.
\Hy@abspage=\count94
\c@Item=\count95
\c@Hfootnote=\count96
)
Package hyperref Info: Driver (default): hdvips.

("C:\Users\usuario\AppData\Local\Programs\MiKTeX 2.9\tex\latex\hyperref\hdvips.
def"
File: hdvips.def 2018/02/06 v6.86b Hyperref driver for dvips

("C:\Users\usuario\AppData\Local\Programs\MiKTeX 2.9\tex\latex\hyperref\pdfmark
.def"
File: pdfmark.def 2018/02/06 v6.86b Hyperref definitions for pdfmark specials
\pdf@docset=\toks15
\pdf@box=\box26
\pdf@toks=\toks16
\pdf@defaulttoks=\toks17
\HyField@AnnotCount=\count97
\Fld@listcount=\count98
\c@bookmark@seq@number=\count99

("C:\Users\usuario\AppData\Local\Programs\MiKTeX 2.9\tex\latex\oberdiek\rerunfi
lecheck.sty"
Package: rerunfilecheck 2016/05/16 v1.8 Rerun checks for auxiliary files (HO)
Package uniquecounter Info: New unique counter `rerunfilecheck' on input line 2
82.
)
\Hy@SectionHShift=\skip43
))
("C:\Users\usuario\AppData\Local\Programs\MiKTeX 2.9\tex\latex\titlesec\titlese
c.sty"
Package: titlesec 2016/03/21 v2.10.2 Sectioning titles
\ttl@box=\box27
\beforetitleunit=\skip44
\aftertitleunit=\skip45
\ttl@plus=\dimen107
\ttl@minus=\dimen108
\ttl@toksa=\toks18
\titlewidth=\dimen109
\titlewidthlast=\dimen110
\titlewidthfirst=\dimen111
)
("C:\Users\usuario\AppData\Local\Programs\MiKTeX 2.9\tex\latex\titlesec\titleto
c.sty"
Package: titletoc 2011/12/15 v1.6 TOC entries
\ttl@leftsep=\dimen112
)
("C:\Users\usuario\AppData\Local\Programs\MiKTeX 2.9\tex\latex\tocloft\tocloft.
sty"
Package: tocloft 2017/08/31 v2.3i parameterised ToC, etc., typesetting
Package tocloft Info: The document has chapter divisions on input line 51.
\cftparskip=\skip46
\cftbeforetoctitleskip=\skip47
\cftaftertoctitleskip=\skip48
\cftbeforepartskip=\skip49
\cftpartnumwidth=\skip50
\cftpartindent=\skip51
\cftbeforechapskip=\skip52
\cftchapindent=\skip53
\cftchapnumwidth=\skip54
\cftbeforesecskip=\skip55
\cftsecindent=\skip56
\cftsecnumwidth=\skip57
\cftbeforesubsecskip=\skip58
\cftsubsecindent=\skip59
\cftsubsecnumwidth=\skip60
\cftbeforesubsubsecskip=\skip61
\cftsubsubsecindent=\skip62
\cftsubsubsecnumwidth=\skip63
\cftbeforeparaskip=\skip64
\cftparaindent=\skip65
\cftparanumwidth=\skip66
\cftbeforesubparaskip=\skip67
\cftsubparaindent=\skip68
\cftsubparanumwidth=\skip69
\cftbeforeloftitleskip=\skip70
\cftafterloftitleskip=\skip71
\cftbeforefigskip=\skip72
\cftfigindent=\skip73
\cftfignumwidth=\skip74
\cftbeforelottitleskip=\skip75
\cftafterlottitleskip=\skip76
\cftbeforetabskip=\skip77
\cfttabindent=\skip78
\cfttabnumwidth=\skip79
\cftbeforesubfigskip=\skip80
\cftsubfigindent=\skip81
\cftsubfignumwidth=\skip82
\cftbeforesubtabskip=\skip83
\cftsubtabindent=\skip84
\cftsubtabnumwidth=\skip85
)
("C:\Users\usuario\AppData\Local\Programs\MiKTeX 2.9\tex\latex\base\fontenc.sty
"
Package: fontenc 2017/04/05 v2.0i Standard LaTeX package
 ("C:\Users\usuario\AppData\Local\Programs\MiKTeX 2.9\tex\latex\base\t1enc.def"
File: t1enc.def 2017/04/05 v2.0i Standard LaTeX file
LaTeX Font Info:    Redeclaring font encoding T1 on input line 48.
))
("C:\Users\usuario\AppData\Local\Programs\MiKTeX 2.9\tex\latex\base\inputenc.st
y"
Package: inputenc 2018/04/06 v1.3b Input encoding file
\inpenc@prehook=\toks19
\inpenc@posthook=\toks20

("C:\Users\usuario\AppData\Local\Programs\MiKTeX 2.9\tex\latex\base\ansinew.def
"
File: ansinew.def 2018/04/06 v1.3b Input encoding file
))
("C:\Users\usuario\AppData\Local\Programs\MiKTeX 2.9\tex\generic\babel\babel.st
y"
Package: babel 2018/09/02 3.23 The Babel package

("C:\Users\usuario\AppData\Local\Programs\MiKTeX 2.9\tex\generic\babel\switch.d
ef"
File: switch.def 2018/09/02 3.23 Babel switching mechanism
)
*************************************
* Local config file bblopts.cfg used
*

("C:\Users\usuario\AppData\Local\Programs\MiKTeX 2.9\tex\latex\arabi\bblopts.cf
g"
File: bblopts.cfg 2005/09/08 v0.1 add Arabic and Farsi to "declared" options of
 babel
)
("C:\Users\usuario\AppData\Local\Programs\MiKTeX 2.9\tex\latex\babel-spanish\sp
anish.ldf"
Language: spanish.ldf 2016/03/03 v5.0p Spanish support from the babel system

("C:\Users\usuario\AppData\Local\Programs\MiKTeX 2.9\tex\generic\babel\babel.de
f"
File: babel.def 2018/09/02 3.23 Babel common definitions
\babel@savecnt=\count100
\U@D=\dimen113

("C:\Users\usuario\AppData\Local\Programs\MiKTeX 2.9\tex\generic\babel\txtbabel
.def")
\bbl@dirlevel=\count101
)
\es@quottoks=\toks21
\es@quotdepth=\count102
Package babel Info: Making " an active character on input line 561.
Package babel Info: Making < an active character on input line 707.
Package babel Info: Making > an active character on input line 707.
)) (chngcntr.sty
Package: chngcntr 2018/04/09 v1.1a change counter resetting
Package chngcntr Info: \counterwithout already defined.
(chngcntr)             Quitting chngcntr on input line 21.
)
("C:\Users\usuario\AppData\Local\Programs\MiKTeX 2.9\tex\latex\footmisc\footmis
c.sty"
Package: footmisc 2011/06/06 v5.5b a miscellany of footnote facilities
\FN@temptoken=\toks22
\footnotemargin=\dimen114
\c@pp@next@reset=\count103
Package footmisc Info: Declaring symbol style bringhurst on input line 855.
Package footmisc Info: Declaring symbol style chicago on input line 863.
Package footmisc Info: Declaring symbol style wiley on input line 872.
Package footmisc Info: Declaring symbol style lamport-robust on input line 883.

Package footmisc Info: Declaring symbol style lamport* on input line 903.
Package footmisc Info: Declaring symbol style lamport*-robust on input line 924
.
)
("C:\Users\usuario\AppData\Local\Programs\MiKTeX 2.9\tex\latex\caption\caption.
sty"
Package: caption 2018/05/01 v3.3-147 Customizing captions (AR)

("C:\Users\usuario\AppData\Local\Programs\MiKTeX 2.9\tex\latex\caption\caption3
.sty"
Package: caption3 2018/05/27 v1.8a caption3 kernel (AR)
Package caption3 Info: TeX engine: e-TeX on input line 64.
\captionmargin=\dimen115
\captionmargin@=\dimen116
\captionwidth=\dimen117
\caption@tempdima=\dimen118
\caption@indent=\dimen119
\caption@parindent=\dimen120
\caption@hangindent=\dimen121
)
\c@ContinuedFloat=\count104
Package caption Info: hyperref package is loaded.
)
("C:\Users\usuario\AppData\Local\Programs\MiKTeX 2.9\tex\latex\geometry\geometr
y.sty"
Package: geometry 2018/04/16 v5.8 Page Geometry
\Gm@cnth=\count105
\Gm@cntv=\count106
\c@Gm@tempcnt=\count107
\Gm@bindingoffset=\dimen122
\Gm@wd@mp=\dimen123
\Gm@odd@mp=\dimen124
\Gm@even@mp=\dimen125
\Gm@layoutwidth=\dimen126
\Gm@layoutheight=\dimen127
\Gm@layouthoffset=\dimen128
\Gm@layoutvoffset=\dimen129
\Gm@dimlist=\toks23

("C:\Users\usuario\AppData\Local\Programs\MiKTeX 2.9\tex\latex\geometry\geometr
y.cfg"))
("C:\Users\usuario\AppData\Local\Programs\MiKTeX 2.9\tex\latex\biblatex\biblate
x.sty"
Package: biblatex 2018/03/04 v3.11 programmable bibliographies (PK/MW)

("C:\Users\usuario\AppData\Local\Programs\MiKTeX 2.9\tex\latex\etoolbox\etoolbo
x.sty"
Package: etoolbox 2018/08/19 v2.5f e-TeX tools for LaTeX (JAW)
\etb@tempcnta=\count108
)
("C:\Users\usuario\AppData\Local\Programs\MiKTeX 2.9\tex\latex\logreq\logreq.st
y"
Package: logreq 2010/08/04 v1.0 xml request logger
\lrq@indent=\count109

("C:\Users\usuario\AppData\Local\Programs\MiKTeX 2.9\tex\latex\logreq\logreq.de
f"
File: logreq.def 2010/08/04 v1.0 logreq spec v1.0
))
("C:\Users\usuario\AppData\Local\Programs\MiKTeX 2.9\tex\latex\base\ifthen.sty"
Package: ifthen 2014/09/29 v1.1c Standard LaTeX ifthen package (DPC)
)
("C:\Users\usuario\AppData\Local\Programs\MiKTeX 2.9\tex\latex\xstring\xstring.
sty"
("C:\Users\usuario\AppData\Local\Programs\MiKTeX 2.9\tex\generic\xstring\xstrin
g.tex"
\@xs@message=\write3
\integerpart=\count110
\decimalpart=\count111
)
Package: xstring 2013/10/13  v1.7c  String manipulations (C Tellechea)
)
\c@tabx@nest=\count112
\c@listtotal=\count113
\c@listcount=\count114
\c@liststart=\count115
\c@liststop=\count116
\c@citecount=\count117
\c@citetotal=\count118
\c@multicitecount=\count119
\c@multicitetotal=\count120
\c@instcount=\count121
\c@maxnames=\count122
\c@minnames=\count123
\c@maxitems=\count124
\c@minitems=\count125
\c@citecounter=\count126
\c@savedcitecounter=\count127
\c@uniquelist=\count128
\c@uniquename=\count129
\c@refsection=\count130
\c@refsegment=\count131
\c@maxextratitle=\count132
\c@maxextratitleyear=\count133
\c@maxextradate=\count134
\c@maxextraalpha=\count135
\c@abbrvpenalty=\count136
\c@highnamepenalty=\count137
\c@lownamepenalty=\count138
\c@maxparens=\count139
\c@parenlevel=\count140
\blx@tempcnta=\count141
\blx@tempcntb=\count142
\blx@tempcntc=\count143
\blx@maxsection=\count144
\blx@maxsegment@0=\count145
\blx@notetype=\count146
\blx@parenlevel@text=\count147
\blx@parenlevel@foot=\count148
\blx@sectionciteorder@0=\count149
\labelnumberwidth=\skip86
\labelalphawidth=\skip87
\biblabelsep=\skip88
\bibitemsep=\skip89
\bibnamesep=\skip90
\bibinitsep=\skip91
\bibparsep=\skip92
\bibhang=\skip93
\blx@bcfin=\read1
\blx@bcfout=\write4
\c@mincomprange=\count150
\c@maxcomprange=\count151
\c@mincompwidth=\count152
Package biblatex Info: Trying to load biblatex default data model...
Package biblatex Info: ... file 'blx-dm.def' found.

("C:\Users\usuario\AppData\Local\Programs\MiKTeX 2.9\tex\latex\biblatex\blx-dm.
def"
File: blx-dm.def 2018/03/04 v3.11 biblatex localization (PK/MW)
)
Package biblatex Info: Trying to load biblatex style data model...
Package biblatex Info: ... file 'verbose-note.dbx' not found.
Package biblatex Info: Trying to load biblatex custom data model...
Package biblatex Info: ... file 'biblatex-dm.cfg' not found.
\c@afterword=\count153
\c@savedafterword=\count154
\c@annotator=\count155
\c@savedannotator=\count156
\c@author=\count157
\c@savedauthor=\count158
\c@bookauthor=\count159
\c@savedbookauthor=\count160
\c@commentator=\count161
\c@savedcommentator=\count162
\c@editor=\count163
\c@savededitor=\count164
\c@editora=\count165
\c@savededitora=\count166
\c@editorb=\count167
\c@savededitorb=\count168
\c@editorc=\count169
\c@savededitorc=\count170
\c@foreword=\count171
\c@savedforeword=\count172
\c@holder=\count173
\c@savedholder=\count174
\c@introduction=\count175
\c@savedintroduction=\count176
\c@namea=\count177
\c@savednamea=\count178
\c@nameb=\count179
\c@savednameb=\count180
\c@namec=\count181
\c@savednamec=\count182
\c@translator=\count183
\c@savedtranslator=\count184
\c@shortauthor=\count185
\c@savedshortauthor=\count186
\c@shorteditor=\count187
\c@savedshorteditor=\count188
\c@labelname=\count189
\c@savedlabelname=\count190
\c@institution=\count191
\c@savedinstitution=\count192
\c@lista=\count193
\c@savedlista=\count194
\c@listb=\count195
\c@savedlistb=\count196
\c@listc=\count197
\c@savedlistc=\count198
\c@listd=\count199
\c@savedlistd=\count266
\c@liste=\count267
\c@savedliste=\count268
\c@listf=\count269
\c@savedlistf=\count270
\c@location=\count271
\c@savedlocation=\count272
\c@organization=\count273
\c@savedorganization=\count274
\c@origlocation=\count275
\c@savedoriglocation=\count276
\c@origpublisher=\count277
\c@savedorigpublisher=\count278
\c@publisher=\count279
\c@savedpublisher=\count280
\c@language=\count281
\c@savedlanguage=\count282
\c@origlanguage=\count283
\c@savedoriglanguage=\count284
\c@pageref=\count285
\c@savedpageref=\count286
\shorthandwidth=\skip94
\shortjournalwidth=\skip95
\shortserieswidth=\skip96
\shorttitlewidth=\skip97
\shortauthorwidth=\skip98
\shorteditorwidth=\skip99
\locallabelnumberwidth=\skip100
\locallabelalphawidth=\skip101
\localshorthandwidth=\skip102
\localshortjournalwidth=\skip103
\localshortserieswidth=\skip104
\localshorttitlewidth=\skip105
\localshortauthorwidth=\skip106
\localshorteditorwidth=\skip107
Package biblatex Info: Trying to load compatibility code...
Package biblatex Info: ... file 'blx-compat.def' found.

("C:\Users\usuario\AppData\Local\Programs\MiKTeX 2.9\tex\latex\biblatex\blx-com
pat.def"
File: blx-compat.def 2018/03/04 v3.11 biblatex compatibility (PK/MW)
)
Package biblatex Info: Trying to load BibTeX backend compatibility...
Package biblatex Info: ... file 'blx-bibtex.def' found.

("C:\Users\usuario\AppData\Local\Programs\MiKTeX 2.9\tex\latex\biblatex\blx-bib
tex.def"
File: blx-bibtex.def 2018/03/04 v3.11 biblatex compatibility (PK/MW)


Package biblatex Warning: Using fall-back BibTeX(8) backend:
(biblatex)                functionality may be reduced/unavailable.

)
Package biblatex Info: Trying to load generic definitions...
Package biblatex Info: ... file 'biblatex.def' found.

("C:\Users\usuario\AppData\Local\Programs\MiKTeX 2.9\tex\latex\biblatex\biblate
x.def"
File: biblatex.def 2018/03/04 v3.11 biblatex compatibility (PK/MW)
\c@textcitecount=\count287
\c@textcitetotal=\count288
\c@textcitemaxnames=\count289
\c@biburlnumpenalty=\count290
\c@biburlucpenalty=\count291
\c@biburllcpenalty=\count292
\c@smartand=\count293
)
Package biblatex Info: Trying to load bibliography style 'verbose-note'...
Package biblatex Info: ... file 'verbose-note.bbx' found.

("C:\Users\usuario\AppData\Local\Programs\MiKTeX 2.9\tex\latex\biblatex\bbx\ver
bose-note.bbx"
File: verbose-note.bbx 2018/03/04 v3.11 biblatex bibliography style (PK/MW)
Package biblatex Info: Trying to load bibliography style 'authortitle'...
Package biblatex Info: ... file 'authortitle.bbx' found.

("C:\Users\usuario\AppData\Local\Programs\MiKTeX 2.9\tex\latex\biblatex\bbx\aut
hortitle.bbx"
File: authortitle.bbx 2018/03/04 v3.11 biblatex bibliography style (PK/MW)
Package biblatex Info: Trying to load bibliography style 'standard'...
Package biblatex Info: ... file 'standard.bbx' found.

("C:\Users\usuario\AppData\Local\Programs\MiKTeX 2.9\tex\latex\biblatex\bbx\sta
ndard.bbx"
File: standard.bbx 2018/03/04 v3.11 biblatex bibliography style (PK/MW)
\c@bbx:relatedcount=\count294
\c@bbx:relatedtotal=\count295
)))
Package biblatex Info: Trying to load citation style 'verbose-note'...
Package biblatex Info: ... file 'verbose-note.cbx' found.

("C:\Users\usuario\AppData\Local\Programs\MiKTeX 2.9\tex\latex\biblatex\cbx\ver
bose-note.cbx"
File: verbose-note.cbx 2018/03/04 v3.11 biblatex citation style (PK/MW)
Package biblatex Info: Redefining '\cite'.
Package biblatex Info: Redefining '\parencite'.
Package biblatex Info: Redefining '\footcite'.
Package biblatex Info: Redefining '\footcitetext'.
Package biblatex Info: Redefining '\smartcite'.
Package biblatex Info: Redefining '\textcite'.
Package biblatex Info: Redefining '\textcites'.
)
Package biblatex Info: Trying to load configuration file...
Package biblatex Info: ... file 'biblatex.cfg' found.

("C:\Users\usuario\AppData\Local\Programs\MiKTeX 2.9\tex\latex\biblatex\biblate
x.cfg"
File: biblatex.cfg 
))
("C:\Users\usuario\AppData\Local\Programs\MiKTeX 2.9\tex\latex\setspace\setspac
e.sty"
Package: setspace 2011/12/19 v6.7a set line spacing
)
\c@anexo=\count296
\cftbeforeanexoskip=\skip108
\cftanexoindent=\skip109
\cftanexonumwidth=\skip110
\c@loadepth=\count297
\cftbeforeloatitleskip=\skip111
\cftafterloatitleskip=\skip112
)
("C:\Users\usuario\AppData\Local\Programs\MiKTeX 2.9\tex\latex\graphics\epsfig.
sty"
Package: epsfig 2017/06/25 v1.7b (e)psfig emulation (SPQR)

("C:\Users\usuario\AppData\Local\Programs\MiKTeX 2.9\tex\latex\graphics\graphic
x.sty"
Package: graphicx 2017/06/01 v1.1a Enhanced LaTeX Graphics (DPC,SPQR)

("C:\Users\usuario\AppData\Local\Programs\MiKTeX 2.9\tex\latex\graphics\graphic
s.sty"
Package: graphics 2017/06/25 v1.2c Standard LaTeX Graphics (DPC,SPQR)

("C:\Users\usuario\AppData\Local\Programs\MiKTeX 2.9\tex\latex\graphics\trig.st
y"
Package: trig 2016/01/03 v1.10 sin cos tan (DPC)
)
("C:\Users\usuario\AppData\Local\Programs\MiKTeX 2.9\tex\latex\graphics-cfg\gra
phics.cfg"
File: graphics.cfg 2016/06/04 v1.11 sample graphics configuration
)
Package graphics Info: Driver file: dvips.def on input line 99.

("C:\Users\usuario\AppData\Local\Programs\MiKTeX 2.9\tex\latex\graphics-def\dvi
ps.def"
File: dvips.def 2017/06/20 v3.1d Graphics/color driver for dvips
))
\Gin@req@height=\dimen130
\Gin@req@width=\dimen131
)
\epsfxsize=\dimen132
\epsfysize=\dimen133
)
("C:\Users\usuario\AppData\Local\Programs\MiKTeX 2.9\tex\latex\amsmath\amsmath.
sty"
Package: amsmath 2017/09/02 v2.17a AMS math features
\@mathmargin=\skip113

For additional information on amsmath, use the `?' option.

("C:\Users\usuario\AppData\Local\Programs\MiKTeX 2.9\tex\latex\amsmath\amstext.
sty"
Package: amstext 2000/06/29 v2.01 AMS text

("C:\Users\usuario\AppData\Local\Programs\MiKTeX 2.9\tex\latex\amsmath\amsgen.s
ty"
File: amsgen.sty 1999/11/30 v2.0 generic functions
\@emptytoks=\toks24
\ex@=\dimen134
))
("C:\Users\usuario\AppData\Local\Programs\MiKTeX 2.9\tex\latex\amsmath\amsbsy.s
ty"
Package: amsbsy 1999/11/29 v1.2d Bold Symbols
\pmbraise@=\dimen135
)
("C:\Users\usuario\AppData\Local\Programs\MiKTeX 2.9\tex\latex\amsmath\amsopn.s
ty"
Package: amsopn 2016/03/08 v2.02 operator names
)
\inf@bad=\count298
LaTeX Info: Redefining \frac on input line 213.
\uproot@=\count299
\leftroot@=\count300
LaTeX Info: Redefining \overline on input line 375.
\classnum@=\count301
\DOTSCASE@=\count302
LaTeX Info: Redefining \ldots on input line 472.
LaTeX Info: Redefining \dots on input line 475.
LaTeX Info: Redefining \cdots on input line 596.
\Mathstrutbox@=\box28
\strutbox@=\box29
\big@size=\dimen136
LaTeX Font Info:    Redeclaring font encoding OML on input line 712.
LaTeX Font Info:    Redeclaring font encoding OMS on input line 713.
\macc@depth=\count303
\c@MaxMatrixCols=\count304
\dotsspace@=\muskip11
\c@parentequation=\count305
\dspbrk@lvl=\count306
\tag@help=\toks25
\row@=\count307
\column@=\count308
\maxfields@=\count309
\andhelp@=\toks26
\eqnshift@=\dimen137
\alignsep@=\dimen138
\tagshift@=\dimen139
\tagwidth@=\dimen140
\totwidth@=\dimen141
\lineht@=\dimen142
\@envbody=\toks27
\multlinegap=\skip114
\multlinetaggap=\skip115
\mathdisplay@stack=\toks28
LaTeX Info: Redefining \[ on input line 2817.
LaTeX Info: Redefining \] on input line 2818.
)
("C:\Users\usuario\AppData\Local\Programs\MiKTeX 2.9\tex\latex\amsfonts\amssymb
.sty"
Package: amssymb 2013/01/14 v3.01 AMS font symbols

("C:\Users\usuario\AppData\Local\Programs\MiKTeX 2.9\tex\latex\amsfonts\amsfont
s.sty"
Package: amsfonts 2013/01/14 v3.01 Basic AMSFonts support
\symAMSa=\mathgroup4
\symAMSb=\mathgroup5
LaTeX Font Info:    Overwriting math alphabet `\mathfrak' in version `bold'
(Font)                  U/euf/m/n --> U/euf/b/n on input line 106.
))
("C:\Users\usuario\AppData\Local\Programs\MiKTeX 2.9\tex\latex\subfigure\subfig
ure.sty"
Package: subfigure 2002/07/30 v2.1.4 subfigure package
\subfigtopskip=\skip116
\subfigcapskip=\skip117
\subfigcaptopadj=\dimen143
\subfigbottomskip=\skip118
\subfigcapmargin=\dimen144
\subfiglabelskip=\skip119
\c@subfigure=\count310
\c@lofdepth=\count311
\c@subtable=\count312
\c@lotdepth=\count313

****************************************
* Local config file subfigure.cfg used *
****************************************

("C:\Users\usuario\AppData\Local\Programs\MiKTeX 2.9\tex\latex\subfigure\subfig
ure.cfg")
\subfig@top=\skip120
\subfig@bottom=\skip121
)
Package biblatex Info: Trying to load language 'spanish'...
Package biblatex Info: ... file 'spanish.lbx' found.

("C:\Users\usuario\AppData\Local\Programs\MiKTeX 2.9\tex\latex\biblatex\lbx\spa
nish.lbx"
File: spanish.lbx 2018/03/04 v3.11 biblatex localization (PK/MW)
)

Package biblatex Warning: 'babel/polyglossia' detected but 'csquotes' missing.
(biblatex)                Loading 'csquotes' recommended.

\@quotelevel=\count314
\@quotereset=\count315

LaTeX Warning: Unused global option(s):
    [letter].

(Plantilla_UIS.aux
LaTeX Info: Redefining \sptext on input line 34.
LaTeX Info: Redefining \. on input line 34.
LaTeX Info: Redefining \% on input line 34.
 (Secs/res.aux) (Secs/abs.aux))
\openout1 = `Plantilla_UIS.aux'.

LaTeX Font Info:    Checking defaults for OML/cmm/m/it on input line 37.
LaTeX Font Info:    ... okay on input line 37.
LaTeX Font Info:    Checking defaults for T1/cmr/m/n on input line 37.
LaTeX Font Info:    ... okay on input line 37.
LaTeX Font Info:    Checking defaults for OT1/cmr/m/n on input line 37.
LaTeX Font Info:    ... okay on input line 37.
LaTeX Font Info:    Checking defaults for OMS/cmsy/m/n on input line 37.
LaTeX Font Info:    ... okay on input line 37.
LaTeX Font Info:    Checking defaults for OMX/cmex/m/n on input line 37.
LaTeX Font Info:    ... okay on input line 37.
LaTeX Font Info:    Checking defaults for U/cmr/m/n on input line 37.
LaTeX Font Info:    ... okay on input line 37.
LaTeX Font Info:    Checking defaults for PD1/pdf/m/n on input line 37.
LaTeX Font Info:    ... okay on input line 37.
LaTeX Font Info:    Try loading font information for T1+phv on input line 37.

("C:\Users\usuario\AppData\Local\Programs\MiKTeX 2.9\tex\latex\psnfss\t1phv.fd"
File: t1phv.fd 2001/06/04 scalable font definitions for T1/phv.
)
\AtBeginShipoutBox=\box30
Package hyperref Info: Link coloring OFF on input line 37.

("C:\Users\usuario\AppData\Local\Programs\MiKTeX 2.9\tex\latex\hyperref\nameref
.sty"
Package: nameref 2016/05/21 v2.44 Cross-referencing by name of section

("C:\Users\usuario\AppData\Local\Programs\MiKTeX 2.9\tex\generic\oberdiek\getti
tlestring.sty"
Package: gettitlestring 2016/05/16 v1.5 Cleanup title references (HO)
)
\c@section@level=\count316
)
LaTeX Info: Redefining \ref on input line 37.
LaTeX Info: Redefining \pageref on input line 37.
LaTeX Info: Redefining \nameref on input line 37.
 (Plantilla_UIS.out) (Plantilla_UIS.out)
\@outlinefile=\write5
\openout5 = `Plantilla_UIS.out'.

LaTeX Info: Redefining \sptext on input line 37.
LaTeX Info: Redefining \. on input line 37.
LaTeX Info: Redefining \% on input line 37.
Package caption Info: Begin \AtBeginDocument code.
Package caption Info: subfigure package is loaded.
Package caption Info: End \AtBeginDocument code.

*geometry* driver: auto-detecting
*geometry* detected driver: dvips
*geometry* verbose mode - [ preamble ] result:
* driver: dvips
* paper: <default>
* layout: <same size as paper>
* layoutoffset:(h,v)=(0.0pt,0.0pt)
* modes: 
* h-part:(L,W,R)=(113.81102pt, 443.57848pt, 56.9055pt)
* v-part:(T,H,B)=(85.35826pt, 624.25346pt, 85.35826pt)
* \paperwidth=614.295pt
* \paperheight=794.96999pt
* \textwidth=443.57848pt
* \textheight=597.50787pt
* \oddsidemargin=41.54103pt
* \evensidemargin=41.54103pt
* \topmargin=0.0pt
* \headheight=12.0pt
* \headsep=25.0pt
* \topskip=12.0pt
* \footskip=30.0pt
* \marginparwidth=44.0pt
* \marginparsep=10.0pt
* \columnsep=10.0pt
* \skip\footins=21.75pt
* \hoffset=0.0pt
* \voffset=0.0pt
* \mag=1000
* \@twocolumnfalse
* \@twosidefalse
* \@mparswitchfalse
* \@reversemarginfalse
* (1in=72.27pt=25.4mm, 1cm=28.453pt)

Package biblatex Info: Input encoding 'ansinew' detected.
Package biblatex Info: Automatic encoding selection.
(biblatex)             Assuming data encoding 'ansinew'.
Package biblatex Info: Input encoding 'ansinew' specified.
Package biblatex Info: Data encoding 'ansinew' specified.
(biblatex)             No need to reencode data.
\openout4 = `Plantilla_UIS-blx.bib'.

Package biblatex Info: Trying to load bibliographic data...
Package biblatex Info: ... file 'Plantilla_UIS.bbl' found.
(Plantilla_UIS.bbl)
Package biblatex Info: Reference section=0 on input line 37.
Package biblatex Info: Reference segment=0 on input line 37.
 (Secs/P0.tex [1

] [2]
File: figs/nota.eps Graphic file (type eps)
 <figs/nota.eps>
File: figs/autoriza.eps Graphic file (type eps)
 <figs/autoriza.eps>)
(Secs/dedicatoria.tex [3] [4]
LaTeX Font Info:    Font shape `T1/phv/bx/n' in size <12> not available
(Font)              Font shape `T1/phv/b/n' tried instead on input line 8.

Underfull \hbox (badness 10000) in paragraph at lines 10--12

 []

) (Secs/agradecimientos.tex [5

]
Underfull \hbox (badness 10000) in paragraph at lines 10--13

 []

[6

])
LaTeX Font Info:    Font shape `T1/phv/bx/n' in size <24.88> not available
(Font)              Font shape `T1/phv/b/n' tried instead on input line 51.
 (Plantilla_UIS.toc
LaTeX Info: Redefining \sptext on input line 3.
LaTeX Info: Redefining \. on input line 3.
LaTeX Info: Redefining \% on input line 3.
LaTeX Font Info:    Try loading font information for U+msa on input line 5.

("C:\Users\usuario\AppData\Local\Programs\MiKTeX 2.9\tex\latex\amsfonts\umsa.fd
"
File: umsa.fd 2013/01/14 v3.01 AMS symbols A
)
LaTeX Font Info:    Try loading font information for U+msb on input line 5.

("C:\Users\usuario\AppData\Local\Programs\MiKTeX 2.9\tex\latex\amsfonts\umsb.fd
"
File: umsb.fd 2013/01/14 v3.01 AMS symbols B
) [7]
LaTeX Font Info:    Font shape `T1/phv/m/it' in size <12> not available
(Font)              Font shape `T1/phv/m/sl' tried instead on input line 65.
)
\tf@toc=\write6
\openout6 = `Plantilla_UIS.toc'.

 [8] (Plantilla_UIS.lof
LaTeX Info: Redefining \sptext on input line 3.
LaTeX Info: Redefining \. on input line 3.
LaTeX Info: Redefining \% on input line 3.
)
\tf@lof=\write7
\openout7 = `Plantilla_UIS.lof'.

 [9

] [10] (Plantilla_UIS.lot
LaTeX Info: Redefining \sptext on input line 3.
LaTeX Info: Redefining \. on input line 3.
LaTeX Info: Redefining \% on input line 3.
)
\tf@lot=\write8
\openout8 = `Plantilla_UIS.lot'.

 [11

]
(Plantilla_UIS.loa)
\tf@loa=\write9
\openout9 = `Plantilla_UIS.loa'.

 [12

] (Secs/glosario.tex) [13


]
\openout2 = `Secs/res.aux'.

 (Secs/res.tex
LaTeX Font Info:    Font shape `T1/phv/bx/n' in size <10> not available
(Font)              Font shape `T1/phv/b/n' tried instead on input line 12.
LaTeX Font Info:    Font shape `T1/phv/m/it' in size <10> not available
(Font)              Font shape `T1/phv/m/sl' tried instead on input line 16.
) [14


]
\openout2 = `Secs/abs.aux'.


(Secs/abs.tex
Overfull \hbox (2.95892pt too wide) in paragraph at lines 14--15
[][]\T1/phv/m/n/10 GRAPHICAL DE-SIGN OF COM-PEN-SA-TORS, PI CON-TRO-LLERS, STA-
BI-LI-ZING SET,
 []

) [15



] (Secs/T0.tex
Underfull \hbox (badness 10000) in paragraph at lines 13--17

 []


Underfull \hbox (badness 10000) in paragraph at lines 18--22

 []


Underfull \hbox (badness 10000) in paragraph at lines 23--26

 []


Underfull \hbox (badness 10000) in paragraph at lines 27--29

 []


Underfull \hbox (badness 10000) in paragraph at lines 30--35

 []

[16


]
Underfull \hbox (badness 10000) in paragraph at lines 36--45

 []


Underfull \hbox (badness 10000) in paragraph at lines 46--51

 []

[17]
Underfull \hbox (badness 10000) in paragraph at lines 52--59

 []


Underfull \hbox (badness 10000) in paragraph at lines 60--69

 []

[18]) (Secs/T1.tex [19]
Cap\'{\i }tulo 1.
) (Secs/T2.tex [20

]
Cap\'{\i }tulo 2.
File: figs/control_sistem.eps Graphic file (type eps)
<figs/control_sistem.eps> [21

]
Underfull \hbox (badness 10000) in paragraph at lines 46--49

 []


Underfull \hbox (badness 10000) in paragraph at lines 50--51

 []

[22] [23]
Underfull \hbox (badness 10000) in paragraph at lines 126--127

 []

[24]
Underfull \hbox (badness 10000) in paragraph at lines 128--129

 []


Underfull \hbox (badness 10000) in paragraph at lines 130--131

 []


Underfull \hbox (badness 10000) in paragraph at lines 137--138

 []

[25]

Package hyperref Warning: Token not allowed in a PDF string (PDFDocEncoding):
(hyperref)                removing `math shift' on input line 140.


Package hyperref Warning: Token not allowed in a PDF string (PDFDocEncoding):
(hyperref)                removing `math shift' on input line 140.


LaTeX Warning: Command \textdegree invalid in math mode on input line 159.

[26]

LaTeX Warning: Command \textdegree invalid in math mode on input line 165.

File: figs/step_inestab.eps Graphic file (type eps)
<figs/step_inestab.eps>

LaTeX Warning: `h' float specifier changed to `ht'.

[27]

Package hyperref Warning: Token not allowed in a PDF string (PDFDocEncoding):
(hyperref)                removing `math shift' on input line 205.


Package hyperref Warning: Token not allowed in a PDF string (PDFDocEncoding):
(hyperref)                removing `math shift' on input line 205.


Underfull \hbox (badness 10000) in paragraph at lines 207--208

 []


Underfull \hbox (badness 10000) in paragraph at lines 209--210

 []

[28]
Underfull \hbox (badness 10000) in paragraph at lines 220--223

 []


Underfull \hbox (badness 10000) in paragraph at lines 224--229

 []

File: figs/stab_set1.eps Graphic file (type eps)
<figs/stab_set1.eps>

LaTeX Warning: `h' float specifier changed to `ht'.


Underfull \hbox (badness 10000) in paragraph at lines 241--242

 []


Underfull \hbox (badness 10000) in paragraph at lines 243--244

 []

[29]
File: figs/Mp_ts.eps Graphic file (type eps)
 <figs/Mp_ts.eps>

LaTeX Warning: `h' float specifier changed to `ht'.


Underfull \hbox (badness 10000) in paragraph at lines 258--259

 []


Underfull \hbox (badness 10000) in paragraph at lines 260--261

 []

File: Figs/step_E1.eps Graphic file (type eps)
<Figs/step_E1.eps>
File: Figs/stab_set_E1.eps Graphic file (type eps)
 <Figs/stab_set_E1.eps>
File: Figs/step_E2.eps Graphic file (type eps)
 <Figs/step_E2.eps>
File: Figs/stab_set_E2.eps Graphic file (type eps)

<Figs/stab_set_E2.eps>
File: Figs/step_E3.eps Graphic file (type eps)
 <Figs/step_E3.eps>
File: Figs/stab_set_E3.eps Graphic file (type eps)
 <Figs/stab_set_E3.eps> [30]

Package hyperref Warning: Token not allowed in a PDF string (PDFDocEncoding):
(hyperref)                removing `math shift' on input line 280.


Package hyperref Warning: Token not allowed in a PDF string (PDFDocEncoding):
(hyperref)                removing `math shift' on input line 280.


Underfull \hbox (badness 10000) in paragraph at lines 283--284

 []

[31] [32]
File: figs/Nivel_superior.eps Graphic file (type eps)
 <figs/Nivel_superior.eps>

LaTeX Warning: `h' float specifier changed to `ht'.

File: figs/Primer_nivel.eps Graphic file (type eps)
<figs/Primer_nivel.eps> [33]
Underfull \hbox (badness 10000) in paragraph at lines 323--324

 []

[34]
Underfull \hbox (badness 10000) in paragraph at lines 325--326

 []

[35]
File: figs/Segundo_Nivel_Sub_1.eps Graphic file (type eps)
 <figs/Segundo_Nivel_Sub_1.eps>
File: figs/Segundo_Nivel_Sub_2.eps Graphic file (type eps)
 <figs/Segundo_Nivel_Sub_2.eps>
File: figs/Segundo_Nivel_Sub_3.eps Graphic file (type eps)

<figs/Segundo_Nivel_Sub_3.eps>

LaTeX Warning: `h' float specifier changed to `ht'.

File: figs/Segundo_Nivel_Sub_4.eps Graphic file (type eps)
<figs/Segundo_Nivel_Sub_4.eps>

LaTeX Warning: `h' float specifier changed to `ht'.


Underfull \hbox (badness 10000) in paragraph at lines 389--390

 []

[36]
Underfull \hbox (badness 10000) in paragraph at lines 391--392

 []

File: figs/interfaz.eps Graphic file (type eps)
<figs/interfaz.eps> [37]) (Secs/T3.tex
Underfull \hbox (badness 10000) in paragraph at lines 427--8

 []

[38] [39]
Cap\'{\i }tulo 3.

Underfull \hbox (badness 10000) in paragraph at lines 22--23

 []

File: figs/drone.eps Graphic file (type eps)
<figs/drone.eps>

LaTeX Warning: `h' float specifier changed to `ht'.

[40

] [41]
Underfull \hbox (badness 10000) in paragraph at lines 54--56

 []


Underfull \hbox (badness 10000) in paragraph at lines 59--64

 []

File: figs/cuerpolibre.eps Graphic file (type eps)
<figs/cuerpolibre.eps> [42] [43] [44]
Underfull \hbox (badness 10000) in paragraph at lines 154--160

 []

[45]
Underfull \hbox (badness 10000) in paragraph at lines 203--208

 []


Underfull \hbox (badness 10000) in paragraph at lines 209--210

 []

[46]
Underfull \hbox (badness 10000) in paragraph at lines 225--226

 []

[47]
Underfull \hbox (badness 10000) in paragraph at lines 255--257

 []

[48]
Underfull \hbox (badness 10000) in paragraph at lines 309--312

 []


Underfull \hbox (badness 10000) in paragraph at lines 324--325

 []

[49]
Underfull \hbox (badness 10000) in paragraph at lines 342--345

 []


Underfull \hbox (badness 10000) in paragraph at lines 363--366

 []

[50]
Underfull \hbox (badness 10000) in paragraph at lines 433--436

 []

[51]
Underfull \hbox (badness 10000) in paragraph at lines 462--463

 []

[52] [53]
Underfull \hbox (badness 10000) in paragraph at lines 586--587

 []

[54]
Underfull \hbox (badness 10000) in paragraph at lines 606--609

 []

[55]
Underfull \hbox (badness 10000) in paragraph at lines 628--631

 []


Underfull \hbox (badness 10000) in paragraph at lines 632--635

 []


Underfull \hbox (badness 10000) in paragraph at lines 636--637

 []


Underfull \hbox (badness 10000) in paragraph at lines 638--639

 []

[56]
Underfull \hbox (badness 10000) in paragraph at lines 640--641

 []

File: Figs/zlanl.eps Graphic file (type eps)
<Figs/zlanl.eps>
File: Figs/dzlanl.eps Graphic file (type eps)
 <Figs/dzlanl.eps>
File: Figs/philanl.eps Graphic file (type eps)
 <Figs/philanl.eps>
File: Figs/dphilanl.eps Graphic file (type eps)
 <Figs/dphilanl.eps>
File: Figs/thetalanl.eps Graphic file (type eps)

<Figs/thetalanl.eps>
File: Figs/dthetalanl.eps Graphic file (type eps)
 <Figs/dthetalanl.eps>
File: Figs/psilanl.eps Graphic file (type eps)
 <Figs/psilanl.eps>
File: Figs/dpsilanl.eps Graphic file (type eps)

<Figs/dpsilanl.eps>
File: Figs/zlanl2.eps Graphic file (type eps)
 <Figs/zlanl2.eps>
File: Figs/dzlanl2.eps Graphic file (type eps)
 <Figs/dzlanl2.eps>
File: Figs/philanl2.eps Graphic file (type eps)
 <Figs/philanl2.eps>
File: Figs/dphilanl2.eps Graphic file (type eps)

<Figs/dphilanl2.eps>
File: Figs/thetalanl2.eps Graphic file (type eps)
 <Figs/thetalanl2.eps>
File: Figs/dthetalanl2.eps Graphic file (type eps)
 <Figs/dthetalanl2.eps>
File: Figs/psilanl2.eps Graphic file (type eps)

<Figs/psilanl2.eps>
File: Figs/dpsilanl2.eps Graphic file (type eps)
 <Figs/dpsilanl2.eps>

LaTeX Warning: Float too large for page by 3.32628pt on input line 676.

) (Secs/T4.tex [57] [58] [59]
Cap\'{\i }tulo 4.

Underfull \hbox (badness 10000) in paragraph at lines 19--20

 []


Underfull \hbox (badness 10000) in paragraph at lines 21--22

 []

[60

]
File: figs/PID_Diagrama.eps Graphic file (type eps)
 <figs/PID_Diagrama.eps>

LaTeX Warning: `h' float specifier changed to `ht'.


Underfull \hbox (badness 10000) in paragraph at lines 60--61

 []

[61]
Underfull \hbox (badness 10000) in paragraph at lines 62--63

 []


Underfull \hbox (badness 10000) in paragraph at lines 64--65

 []


Underfull \hbox (badness 10000) in paragraph at lines 66--67

 []


Underfull \hbox (badness 10000) in paragraph at lines 68--69

 []

[62]
Underfull \hbox (badness 10000) in paragraph at lines 70--71

 []


Underfull \hbox (badness 10000) in paragraph at lines 77--78

 []

[63]
LaTeX Font Info:    Font shape `T1/phv/bx/it' in size <12> not available
(Font)              Font shape `T1/phv/b/it' tried instead on input line 87.
LaTeX Font Info:    Font shape `T1/phv/b/it' in size <12> not available
(Font)              Font shape `T1/phv/b/sl' tried instead on input line 87.

Underfull \hbox (badness 10000) in paragraph at lines 93--96

 []

[64]
File: figs/ZNol.eps Graphic file (type eps)
 <figs/ZNol.eps>
Underfull \hbox (badness 10000) in paragraph at lines 117--118

 []


Underfull \hbox (badness 10000) in paragraph at lines 136--137

 []

[65]
Underfull \hbox (badness 10000) in paragraph at lines 152--153

 []


Underfull \hbox (badness 10000) in paragraph at lines 154--156

 []

File: figs/step_PI.eps Graphic file (type eps)
<figs/step_PI.eps>

LaTeX Warning: `h' float specifier changed to `ht'.

[66]
File: figs/stab_set_PI.eps Graphic file (type eps)
 <figs/stab_set_PI.eps>
Underfull \hbox (badness 10000) in paragraph at lines 196--197

 []

[67]
Underfull \hbox (badness 10000) in paragraph at lines 203--207

 []


Underfull \hbox (badness 10000) in paragraph at lines 208--212

 []


Underfull \hbox (badness 10000) in paragraph at lines 213--215

 []

[68]
Underfull \hbox (badness 10000) in paragraph at lines 221--224

 []


Underfull \hbox (badness 10000) in paragraph at lines 245--248

 []


Underfull \hbox (badness 10000) in paragraph at lines 249--250

 []

[69]
Underfull \hbox (badness 10000) in paragraph at lines 271--272

 []

[70]
Underfull \hbox (badness 10000) in paragraph at lines 286--287

 []


Underfull \hbox (badness 10000) in paragraph at lines 288--289

 []

[71]
File: Figs/curvas1.eps Graphic file (type eps)
 <Figs/curvas1.eps>
File: Figs/curvas1-2.eps Graphic file (type eps)
 <Figs/curvas1-2.eps>
Underfull \hbox (badness 10000) in paragraph at lines 312--316

 []


Underfull \hbox (badness 10000) in paragraph at lines 317--320

 []


Underfull \hbox (badness 10000) in paragraph at lines 325--328

 []


Underfull \hbox (badness 10000) in paragraph at lines 329--330

 []

[72] [73]
Underfull \hbox (badness 10000) in paragraph at lines 331--332

 []


LaTeX Warning: Command \textdegree invalid in math mode on input line 333.


Underfull \hbox (badness 10000) in paragraph at lines 333--334

 []


Underfull \hbox (badness 10000) in paragraph at lines 335--336

 []


LaTeX Warning: Command \textdegree invalid in math mode on input line 337.


Underfull \hbox (badness 10000) in paragraph at lines 337--338

 []


LaTeX Warning: Command \textdegree invalid in math mode on input line 339.


Underfull \hbox (badness 10000) in paragraph at lines 339--340

 []

[74]
Underfull \hbox (badness 10000) in paragraph at lines 341--342

 []


Underfull \hbox (badness 10000) in paragraph at lines 351--355

 []

[75]
Underfull \hbox (badness 10000) in paragraph at lines 386--389

 []

[76]
Underfull \hbox (badness 10000) in paragraph at lines 390--391

 []

File: Figs/curvas2-1.eps Graphic file (type eps)
<Figs/curvas2-1.eps>
File: Figs/curvas2-2.eps Graphic file (type eps)
 <Figs/curvas2-2.eps>
File: Figs/max_dist_2.eps Graphic file (type eps)
 <Figs/max_dist_2.eps>
File: Figs/max_dist.eps Graphic file (type eps)

<Figs/max_dist.eps>) (Secs/T5.tex [77] [78] [79]
Cap\'{\i }tulo 5.
) (Secs/T6.tex [80

]
Cap\'{\i }tulo 6.

Underfull \hbox (badness 10000) in paragraph at lines 11--12

 []

) (Secs/T7.tex [81

]
Cap\'{\i }tulo 7.

Underfull \hbox (badness 10000) in paragraph at lines 12--14

 []


Underfull \hbox (badness 10000) in paragraph at lines 15--16

 []


Underfull \hbox (badness 10000) in paragraph at lines 19--21

 []

[82

]) [83]
Overfull \hbox (3.98628pt too wide) in paragraph at lines 77--77
\T1/phv/m/n/12 tions''. En: \T1/phv/m/sl/12 Con-trol Ap-pli-ca-tions (CCA), IEE
E Con-fe-ren-ce on \T1/phv/m/n/12 (2016), págs. 203[]214
 []

[84

] [85] [86] [87] (Secs/anexoA.tex [88]
Underfull \hbox (badness 10000) in paragraph at lines 13--15

 []


Underfull \hbox (badness 10000) in paragraph at lines 16--20

 []

File: Figs/prodvect.eps Graphic file (type eps)
<Figs/prodvect.eps>

LaTeX Warning: `h' float specifier changed to `ht'.

[89

]
File: Figs/rigid.eps Graphic file (type eps)
 <Figs/rigid.eps> [90]
File: Figs/rotacion.eps Graphic file (type eps)
 <Figs/rotacion.eps> [91]
Underfull \hbox (badness 10000) in paragraph at lines 143--146

 []


Underfull \hbox (badness 10000) in paragraph at lines 164--167

 []


Underfull \hbox (badness 10000) in paragraph at lines 172--175

 []

[92]
Underfull \hbox (badness 10000) in paragraph at lines 187--190

 []


Underfull \hbox (badness 10000) in paragraph at lines 204--207

 []

[93]) (Secs/anexoB.tex [94]
Underfull \hbox (badness 10000) in paragraph at lines 16--19

 []


Underfull \hbox (badness 10000) in paragraph at lines 20--21

 []


Underfull \hbox (badness 10000) in paragraph at lines 26--29

 []

[95]
Underfull \hbox (badness 10000) in paragraph at lines 72--74

 []

File: Figs/flujodiag.eps Graphic file (type eps)
<Figs/flujodiag.eps>

LaTeX Warning: `h' float specifier changed to `ht'.


Underfull \hbox (badness 10000) in paragraph at lines 86--87

 []


Underfull \hbox (badness 10000) in paragraph at lines 88--89

 []

) (Secs/anexoC.tex [96] [97]
File: figs/primero.eps Graphic file (type eps)
 <figs/primero.eps>
File: figs/segunda.eps Graphic file (type eps)
 <figs/segunda.eps> [98]
File: figs/tercero.eps Graphic file (type eps)

<figs/tercero.eps>
File: figs/cuarta.eps Graphic file (type eps)
 <figs/cuarta.eps>
File: figs/quinto.eps Graphic file (type eps)
 <figs/quinto.eps> [99]
File: figs/sexto.eps Graphic file (type eps)
 <figs/sexto.eps>
Underfull \hbox (badness 10000) in paragraph at lines 106--107

 []

[100]
Underfull \hbox (badness 10000) in paragraph at lines 108--109

 []


Underfull \hbox (badness 10000) in paragraph at lines 110--111

 []

File: figs/interfaz.eps Graphic file (type eps)
<figs/interfaz.eps> [101]) [102]
Package atveryend Info: Empty hook `BeforeClearDocument' on input line 85.
 [103]
Package atveryend Info: Empty hook `AfterLastShipout' on input line 85.
 (Plantilla_UIS.aux
LaTeX Info: Redefining \sptext on input line 34.
LaTeX Info: Redefining \. on input line 34.
LaTeX Info: Redefining \% on input line 34.
 (Secs/res.aux)
(Secs/abs.aux))
Package atveryend Info: Empty hook `AtVeryEndDocument' on input line 85.
Package atveryend Info: Executing hook `AtEndAfterFileList' on input line 85.
Package rerunfilecheck Info: File `Plantilla_UIS.out' has not changed.
(rerunfilecheck)             Checksum: 00BF52DA5DBA471EC34877785606C9CF;2978.
Package logreq Info: Writing requests to 'Plantilla_UIS.run.xml'.
\openout1 = `Plantilla_UIS.run.xml'.

Package atveryend Info: Empty hook `AtVeryVeryEnd' on input line 85.
 )
(\end occurred inside a group at level 1)

### semi simple group (level 1) entered at line 85 (\begingroup)
### bottom level 
Here is how much of TeX's memory you used:
 16611 strings out of 492973
 277579 string characters out of 3125760
 596177 words of memory out of 3000000
 20154 multiletter control sequences out of 15000+200000
 41917 words of font info for 69 fonts, out of 3000000 for 9000
 1143 hyphenation exceptions out of 8191
 56i,14n,58p,1544b,5084s stack positions out of 5000i,500n,10000p,200000b,50000s

Output written on Plantilla_UIS.dvi (103 pages, 394952 bytes).
